app/build/intermediates/manifest_merge_blame_file/debug/manifest-merger-blame-debug-report.txt
1<?xml version="1.0" encoding="utf-8"?>
2<manifest xmlns:android="http://schemas.android.com/apk/res/android"
3    package="com.alol.overlay"
4    android:versionCode="1"
5    android:versionName="1.0" >
6
7    <uses-sdk
8        android:minSdkVersion="29"
9        android:targetSdkVersion="33" />
10
11    <uses-permission android:name="android.permission.RECORD_AUDIO" />
11-->src/main/AndroidManifest.xml:3:5-71
11-->src/main/AndroidManifest.xml:3:22-68
12    <uses-permission android:name="android.permission.SYSTEM_ALERT_WINDOW" />
12-->src/main/AndroidManifest.xml:4:5-78
12-->src/main/AndroidManifest.xml:4:22-75
13    <uses-permission android:name="android.permission.FOREGROUND_SERVICE" />
13-->src/main/AndroidManifest.xml:5:5-77
13-->src/main/AndroidManifest.xml:5:22-74
14    <uses-permission android:name="android.permission.FOREGROUND_SERVICE_MEDIA_PROJECTION" />
14-->src/main/AndroidManifest.xml:6:5-94
14-->src/main/AndroidManifest.xml:6:22-91
15    <uses-permission android:name="android.permission.FOREGROUND_SERVICE_SPECIAL_USE" />
15-->src/main/AndroidManifest.xml:7:5-89
15-->src/main/AndroidManifest.xml:7:22-86
16    <uses-permission android:name="android.permission.INTERNET" />
16-->src/main/AndroidManifest.xml:8:5-67
16-->src/main/AndroidManifest.xml:8:22-64
17
18    <queries>
18-->[com.itsaky.androidide:logsender:2.7.1-beta] AndroidManifest.xml:23:5-25:15
19        <package android:name="com.itsaky.androidide" />
19-->[com.itsaky.androidide:logsender:2.7.1-beta] AndroidManifest.xml:24:9-57
19-->[com.itsaky.androidide:logsender:2.7.1-beta] AndroidManifest.xml:24:18-54
20    </queries>
21
22    <uses-permission android:name="com.itsaky.androidide.permission.BIND_LOG_SERVICE" />
22-->[com.itsaky.androidide:logsender:2.7.1-beta] AndroidManifest.xml:28:5-89
22-->[com.itsaky.androidide:logsender:2.7.1-beta] AndroidManifest.xml:28:22-86
23
24    <application
24-->src/main/AndroidManifest.xml:10:5-19:19
25        android:allowBackup="true"
25-->src/main/AndroidManifest.xml:10:18-44
26        android:appComponentFactory="androidx.core.app.CoreComponentFactory"
26-->[androidx.core:core:1.5.0] AndroidManifest.xml:24:18-86
27        android:debuggable="true"
28        android:extractNativeLibs="false"
29        android:icon="@android:drawable/ic_menu_view"
29-->src/main/AndroidManifest.xml:10:45-90
30        android:label="Shadow Translator" >
30-->src/main/AndroidManifest.xml:10:91-124
31        <activity
31-->src/main/AndroidManifest.xml:11:9-16:20
32            android:name="com.alol.overlay.MainActivity"
32-->src/main/AndroidManifest.xml:11:19-47
33            android:exported="true" >
33-->src/main/AndroidManifest.xml:11:48-71
34            <intent-filter>
34-->src/main/AndroidManifest.xml:12:13-15:29
35                <action android:name="android.intent.action.MAIN" />
35-->src/main/AndroidManifest.xml:13:17-69
35-->src/main/AndroidManifest.xml:13:25-66
36
37                <category android:name="android.intent.category.LAUNCHER" />
37-->src/main/AndroidManifest.xml:14:17-77
37-->src/main/AndroidManifest.xml:14:27-74
38            </intent-filter>
39        </activity>
40
41        <service
41-->src/main/AndroidManifest.xml:17:9-88
42            android:name="com.alol.overlay.FloatingTranslationService"
42-->src/main/AndroidManifest.xml:17:18-60
43            android:exported="false" />
43-->src/main/AndroidManifest.xml:17:61-85
44        <service
44-->src/main/AndroidManifest.xml:18:9-129
45            android:name="com.alol.overlay.AudioCaptureService"
45-->src/main/AndroidManifest.xml:18:18-53
46            android:exported="false"
46-->src/main/AndroidManifest.xml:18:102-126
47            android:foregroundServiceType="mediaProjection" />
47-->src/main/AndroidManifest.xml:18:54-101
48
49        <provider
49-->[com.itsaky.androidide:logsender:2.7.1-beta] AndroidManifest.xml:32:9-36:40
50            android:name="com.itsaky.androidide.logsender.utils.LogSenderInstaller"
50-->[com.itsaky.androidide:logsender:2.7.1-beta] AndroidManifest.xml:33:13-84
51            android:authorities="com.alol.overlay.logsender-installer"
51-->[com.itsaky.androidide:logsender:2.7.1-beta] AndroidManifest.xml:34:13-71
52            android:enabled="@bool/logsender_enabled"
52-->[com.itsaky.androidide:logsender:2.7.1-beta] AndroidManifest.xml:35:13-54
53            android:exported="false" />
53-->[com.itsaky.androidide:logsender:2.7.1-beta] AndroidManifest.xml:36:13-37
54
55        <service
55-->[com.itsaky.androidide:logsender:2.7.1-beta] AndroidManifest.xml:38:9-41:56
56            android:name="com.itsaky.androidide.logsender.LogSenderService"
56-->[com.itsaky.androidide:logsender:2.7.1-beta] AndroidManifest.xml:39:13-76
57            android:exported="false"
57-->[com.itsaky.androidide:logsender:2.7.1-beta] AndroidManifest.xml:40:13-37
58            android:foregroundServiceType="dataSync" />
58-->[com.itsaky.androidide:logsender:2.7.1-beta] AndroidManifest.xml:41:13-53
59    </application>
60
61</manifest>